<?xml version="1.0" encoding="UTF-8"?>
<testng-results ignored="0" total="1" passed="1" failed="0" skipped="0">
  <reporter-output>
  </reporter-output>
  <suite started-at="2020-04-17T16:23:08 BST" name="Default suite" finished-at="2020-04-17T16:23:10 BST" duration-ms="2480">
    <groups>
    </groups>
    <test started-at="2020-04-17T16:23:08 BST" name="Default test" finished-at="2020-04-17T16:23:10 BST" duration-ms="2480">
      <class name="com.qa.test.GetApiTest">
        <test-method is-config="true" signature="setup()[pri:0, instance:com.qa.test.GetApiTest@212bf671]" started-at="2020-04-17T16:23:08 BST" name="setup" finished-at="2020-04-17T16:23:08 BST" duration-ms="5" status="PASS">
          <reporter-output>
          </reporter-output>
        </test-method> <!-- setup -->
        <test-method signature="getAPITestWithHeaders()[pri:0, instance:com.qa.test.GetApiTest@212bf671]" started-at="2020-04-17T16:23:08 BST" name="getAPITestWithHeaders" finished-at="2020-04-17T16:23:10 BST" duration-ms="2440" status="PASS">
          <reporter-output>
          </reporter-output>
        </test-method> <!-- getAPITestWithHeaders -->
      </class> <!-- com.qa.test.GetApiTest -->
    </test> <!-- Default test -->
  </suite> <!-- Default suite -->
</testng-results>
